<?xml version="1.0" encoding="UTF-8"?>
<!-- Generated by org.testng.reporters.JUnitXMLReporter -->
<testsuite hostname="HJNZL001775" ignored="0" name="Default test" tests="4" failures="0" timestamp="2021-11-15T13:42:54 IST" time="34.686" errors="0">
  <testcase name="validateTitle" time="0.024" classname="com.opencart.testcases.ForgotPasswordTest"/>
  <testcase name="validateInputBox" time="0.066" classname="com.opencart.testcases.ForgotPasswordTest"/>
  <testcase name="validateSubmitButton" time="0.048" classname="com.opencart.testcases.ForgotPasswordTest"/>
  <testcase name="validateBackButtonOpration" time="0.812" classname="com.opencart.testcases.ForgotPasswordTest"/>
</testsuite> <!-- Default test -->
