<?xml version="1.0" encoding="UTF-8"?>
<testng-results skipped="0" failed="0" ignored="0" total="1" passed="1">
  <reporter-output>
  </reporter-output>
  <suite name="Default suite" duration-ms="11510" started-at="2021-11-14T15:41:17 IST" finished-at="2021-11-14T15:41:29 IST">
    <groups>
    </groups>
    <test name="Default test" duration-ms="11510" started-at="2021-11-14T15:41:17 IST" finished-at="2021-11-14T15:41:29 IST">
      <class name="com.opencart.testcases.LoginPageTest">
        <test-method status="PASS" signature="setUp()[pri:0, instance:com.opencart.testcases.LoginPageTest@7113b13f]" name="setUp" is-config="true" duration-ms="6165" started-at="2021-11-14T15:41:17 IST" finished-at="2021-11-14T15:41:23 IST">
          <reporter-output>
          </reporter-output>
        </test-method> <!-- setUp -->
        <test-method status="PASS" signature="loginTest()[pri:1, instance:com.opencart.testcases.LoginPageTest@7113b13f]" name="loginTest" duration-ms="4183" started-at="2021-11-14T15:41:23 IST" finished-at="2021-11-14T15:41:28 IST">
          <reporter-output>
          </reporter-output>
        </test-method> <!-- loginTest -->
        <test-method status="PASS" signature="teardown()[pri:0, instance:com.opencart.testcases.LoginPageTest@7113b13f]" name="teardown" is-config="true" duration-ms="1121" started-at="2021-11-14T15:41:28 IST" finished-at="2021-11-14T15:41:29 IST">
          <reporter-output>
          </reporter-output>
        </test-method> <!-- teardown -->
      </class> <!-- com.opencart.testcases.LoginPageTest -->
    </test> <!-- Default test -->
  </suite> <!-- Default suite -->
</testng-results>
